[0m
[0m [0m [0m [0m [0m [0m [0m [0m [0m [0m [0m [0m [0m [0m [0m [0m [0m [0m [0m [0m [0m [0m [0m [0m [0m [0m [0m [0m [0m [0m [0m [0m [0m [0m [0m [0m [0m [0m [0m [0m [0m [0m [0m [0m [0m [0m [0m [0m [0m [0m [0m [0m [0m [0m [0m [0m [0m [0m [0m [48;5;255m [48;5;255m [0m [0m [0m [0m [0m [0m [0m [0m [0m [0m [0m [0m
[0m [0m [0m [0m [0m [0m [0m [0m [0m [0m [0m [0m [0m [0m [0m [0m [0m [0m [0m [0m [0m [0m [0m [0m [0m [0m [0m [0m [0m [0m [0m [0m [0m [0m [0m [0m [0m [0m [0m [0m [0m [0m [0m [0m [0m [0m [0m [0m [0m [0m [0m [0m [0m [0m [0m [0m [0m [0m [0m [48;5;255m [48;5;255m [0m [0m [0m [0m [0m [0m [0m [0m [0m [0m [0m [0m
[0m [0m [0m [0m [0m [0m [0m [0m [0m [0m [0m [0m [0m [0m [0m [0m [0m [0m [0m [0m [0m [0m [0m [0m [0m [0m [0m [0m [0m [0m [0m [0m [0m [0m [0m [0m [0m [0m [0m [0m [0m [0m [0m [0m [0m [0m [0m [0m [0m [0m [0m [0m [0m [0m [0m [0m [0m [0m [0m [48;5;255m [48;5;255m [0m [0m [0m [0m [0m [0m [0m [0m [0m [0m [0m [0m
[48;5;255m [48;5;255m [48;5;255m [48;5;255m [48;5;255m [48;5;255m [48;5;255m [0m [0m [48;5;255m [48;5;255m [48;5;255m [48;5;255m [48;5;255m [48;5;255m [48;5;255m [48;5;255m [0m [0m [48;5;255m [48;5;255m [48;5;255m [48;5;255m [48;5;255m [48;5;255m [48;5;255m [48;5;255m [48;5;255m [48;5;255m [48;5;255m [48;5;255m [0m [0m [48;5;255m [48;5;255m [48;5;255m [48;5;255m [48;5;255m [48;5;255m [48;5;255m [48;5;255m [0m [0m [48;5;255m [48;5;255m [48;5;255m [48;5;255m [48;5;255m [48;5;255m [48;5;255m [48;5;255m [0m [0m [48;5;255m [48;5;255m [48;5;255m [48;5;255m [48;5;255m [48;5;255m [48;5;255m [48;5;255m [0m [0m [48;5;255m [48;5;255m [48;5;255m [48;5;255m [48;5;255m [48;5;255m [48;5;255m [48;5;255m [0m [0m [48;5;255m [48;5;255m [48;5;255m [48;5;255m [48;5;255m [48;5;255m [48;5;255m [48;5;255m [0m
[48;5;255m [48;5;255m [0m [0m [0m [0m [0m [0m [0m [48;5;255m [48;5;255m [0m [0m [0m [0m [48;5;255m [48;5;255m [0m [0m [48;5;255m [48;5;255m [0m [0m [0m [48;5;255m [48;5;255m [0m [0m [0m [48;5;255m [48;5;255m [0m [0m [48;5;255m [48;5;255m [0m [0m [0m [0m [48;5;255m [48;5;255m [0m [0m [48;5;255m [48;5;255m [0m [0m [0m [0m [48;5;255m [48;5;255m [0m [0m [48;5;255m [48;5;255m [0m [0m [0m [0m [48;5;255m [48;5;255m [0m [0m [48;5;255m [48;5;255m [0m [0m [0m [0m [48;5;255m [48;5;255m [0m [0m [48;5;255m [48;5;255m [0m
[48;5;255m [48;5;255m [0m [0m [0m [0m [0m [0m [0m [48;5;255m [48;5;255m [0m [0m [0m [0m [48;5;255m [48;5;255m [0m [0m [48;5;255m [48;5;255m [0m [0m [0m [48;5;255m [48;5;255m [0m [0m [0m [48;5;255m [48;5;255m [0m [0m [48;5;255m [48;5;255m [0m [0m [0m [0m [48;5;255m [48;5;255m [0m [0m [48;5;255m [48;5;255m [0m [0m [0m [0m [48;5;255m [48;5;255m [0m [0m [48;5;255m [48;5;255m [0m [0m [0m [0m [48;5;255m [48;5;255m [0m [0m [48;5;255m [48;5;255m [0m [0m [0m [0m [48;5;255m [48;5;255m [0m [0m [48;5;255m [48;5;255m [0m
[48;5;255m [48;5;255m [0m [0m [0m [0m [0m [0m [0m [48;5;255m [48;5;255m [0m [0m [0m [0m [48;5;255m [48;5;255m [0m [0m [48;5;255m [48;5;255m [0m [0m [0m [48;5;255m [48;5;255m [0m [0m [0m [48;5;255m [48;5;255m [0m [0m [48;5;255m [48;5;255m [0m [0m [0m [0m [48;5;255m [48;5;255m [0m [0m [48;5;255m [48;5;255m [0m [0m [0m [0m [48;5;255m [48;5;255m [0m [0m [48;5;255m [48;5;255m [0m [0m [0m [0m [48;5;255m [48;5;255m [0m [0m [48;5;255m [48;5;255m [0m [0m [0m [0m [48;5;255m [48;5;255m [0m [0m [48;5;255m [48;5;255m [0m
[48;5;255m [48;5;255m [48;5;255m [48;5;255m [48;5;255m [48;5;255m [48;5;255m [0m [0m [48;5;255m [48;5;255m [48;5;255m [48;5;255m [48;5;255m [48;5;255m [48;5;255m [48;5;255m [0m [0m [48;5;255m [48;5;255m [0m [0m [0m [48;5;255m [48;5;255m [0m [0m [0m [48;5;255m [48;5;255m [0m [0m [48;5;255m [48;5;255m [48;5;255m [48;5;255m [48;5;255m [48;5;255m [48;5;255m [48;5;255m [0m [0m [48;5;255m [48;5;255m [48;5;255m [48;5;255m [48;5;255m [48;5;255m [48;5;255m [48;5;255m [0m [0m [48;5;255m [48;5;255m [48;5;255m [48;5;255m [48;5;255m [48;5;255m [48;5;255m [48;5;255m [0m [0m [48;5;255m [48;5;255m [48;5;255m [48;5;255m [48;5;255m [48;5;255m [48;5;255m [48;5;255m [0m [0m [48;5;255m [48;5;255m [48;5;255m [48;5;255m [48;5;255m [48;5;255m [48;5;255m [48;5;255m [0m
[0m [0m [0m [0m [0m [0m [0m [0m [0m [0m [0m [0m [0m [0m [0m [0m [0m [0m [0m [0m [0m [0m [0m [0m [0m [0m [0m [0m [0m [0m [0m [0m [0m [48;5;255m [48;5;255m [0m [0m [0m [0m [0m [0m [0m [0m [0m [0m [0m [0m
[0m [0m [0m [0m [0m [0m [0m [0m [0m [0m [0m [0m [0m [0m [0m [0m [0m [0m [0m [0m [0m [0m [0m [0m [0m [0m [0m [0m [0m [0m [0m [0m [0m [48;5;255m [48;5;255m [0m [0m [0m [0m [0m [0m [0m [0m [0m [0m [0m [0m
[0m [0m [0m [0m [0m [0m [0m [0m [0m [0m [0m [0m [0m [0m [0m [0m [0m [0m [0m [0m [0m [0m [0m [0m [0m [0m [0m [0m [0m [0m [0m [0m [0m [48;5;255m [48;5;255m [0m [0m [0m [0m [0m [0m [0m [0m [0m [0m [0m [0m

1.1.19

TypeScript version used by Compodoc : 4.5.5

TypeScript version of current project : 4.3.5

Node.js version : v16.13.1

Operating system : Windows 10

[09:46:21] No configuration file found, switching to CLI flags.
[09:46:21] Using tsconfig file : C:\Angular\split-window220225\tsconfig.json
[09:46:21] Including      : C:\Angular\split-window220225\.browserslistrc
[09:46:21] Including      : C:\Angular\split-window220225\.editorconfig
[09:46:21] Including      : C:\Angular\split-window220225\.gitignore
[09:46:21] Including      : C:\Angular\split-window220225\angular.json
[09:46:21] Including      : C:\Angular\split-window220225\karma.conf.js
[09:46:21] Including      : C:\Angular\split-window220225\build-storybook.log
[09:46:21] Including      : C:\Angular\split-window220225\package-lock.json
[09:46:21] Including      : C:\Angular\split-window220225\package.json
[09:46:21] Including      : C:\Angular\split-window220225\README.md
[09:46:21] Including      : C:\Angular\split-window220225\tailwind.config.js
[09:46:21] Including      : C:\Angular\split-window220225\tsconfig.app.json
[09:46:21] Including      : C:\Angular\split-window220225\tsconfig.json
[09:46:21] Including      : C:\Angular\split-window220225\tsconfig.spec.json
[09:46:21] Including      : C:\Angular\split-window220225\.storybook\main.js
[09:46:21] Including      : C:\Angular\split-window220225\.storybook\preview.js
[09:46:21] Ignoring       : C:\Angular\split-window220225\.storybook\typings.d.ts
[09:46:21] Including      : C:\Angular\split-window220225\.storybook\tsconfig.json
[09:46:21] Including      : C:\Angular\split-window220225\.idea\.gitignore
[09:46:21] Including      : C:\Angular\split-window220225\.idea\modules.xml
[09:46:21] Including      : C:\Angular\split-window220225\.idea\vcs.xml
[09:46:21] Including      : C:\Angular\split-window220225\.idea\split-window220225.iml
[09:46:21] Including      : C:\Angular\split-window220225\.idea\workspace.xml
[09:46:21] Including      : C:\Angular\split-window220225\src\index.html
[09:46:21] Including      : C:\Angular\split-window220225\src\favicon.ico
[09:46:21] Including      : C:\Angular\split-window220225\src\main.ts
[09:46:21] Including      : C:\Angular\split-window220225\src\polyfills.ts
[09:46:21] Including      : C:\Angular\split-window220225\src\styles.css
[09:46:21] Including      : C:\Angular\split-window220225\src\test.ts
[09:46:21] Including      : C:\Angular\split-window220225\src\app\app.component.css
[09:46:21] Including      : C:\Angular\split-window220225\src\app\app.component.html
[09:46:21] Including      : C:\Angular\split-window220225\src\app\app.module.ts
[09:46:21] Including      : C:\Angular\split-window220225\src\app\app.component.ts
[09:46:21] Including      : C:\Angular\split-window220225\src\assets\.gitkeep
[09:46:21] Ignoring       : C:\Angular\split-window220225\src\app\app.component.spec.ts
[09:46:21] Including      : C:\Angular\split-window220225\src\environments\environment.ts
[09:46:21] Including      : C:\Angular\split-window220225\src\environments\environment.prod.ts
[09:46:21] Including      : C:\Angular\split-window220225\src\stories\button.css
[09:46:21] Including      : C:\Angular\split-window220225\src\stories\header.component.ts
[09:46:21] Including      : C:\Angular\split-window220225\src\stories\Button.stories.ts
[09:46:21] Including      : C:\Angular\split-window220225\src\stories\header.css
[09:46:21] Including      : C:\Angular\split-window220225\src\stories\button.component.ts
[09:46:21] Including      : C:\Angular\split-window220225\src\stories\Header.stories.ts
[09:46:21] Including      : C:\Angular\split-window220225\src\stories\Introduction.stories.mdx
[09:46:21] Including      : C:\Angular\split-window220225\src\stories\page.component.ts
[09:46:21] Including      : C:\Angular\split-window220225\src\stories\page.css
[09:46:21] Including      : C:\Angular\split-window220225\src\stories\Page.stories.ts
[09:46:21] Including      : C:\Angular\split-window220225\src\stories\User.ts
[09:46:21] Including      : C:\Angular\split-window220225\src\stories\assets\code-brackets.svg
[09:46:21] Including      : C:\Angular\split-window220225\src\stories\assets\comments.svg
[09:46:21] Including      : C:\Angular\split-window220225\src\stories\assets\flow.svg
[09:46:21] Including      : C:\Angular\split-window220225\src\stories\assets\direction.svg
[09:46:21] Including      : C:\Angular\split-window220225\src\stories\assets\colors.svg
[09:46:21] Including      : C:\Angular\split-window220225\src\stories\assets\plugin.svg
[09:46:21] Including      : C:\Angular\split-window220225\src\stories\assets\repo.svg
[09:46:21] Including      : C:\Angular\split-window220225\src\stories\assets\stackalt.svg
[09:46:21] Searching package.json file
[09:46:21] package.json file found
[09:46:21] Processing package.json dependencies
[09:46:21] Searching README.md, CHANGELOG.md, CONTRIBUTING.md, LICENSE.md, TODO.md files
[09:46:21] README.md file found
[09:46:21] Error during C:\Angular\split-window220225\CHANGELOG read
[09:46:21] Continuing without CHANGELOG.md file
[09:46:21] Error during C:\Angular\split-window220225\CONTRIBUTING read
[09:46:21] Continuing without CONTRIBUTING.md file
[09:46:21] Error during C:\Angular\split-window220225\LICENSE read
[09:46:21] Continuing without LICENSE.md file
[09:46:21] Error during C:\Angular\split-window220225\TODO read
[09:46:21] Continuing without TODO.md file
[09:46:21] Get dependencies data
[09:46:21] parsing        : C:/Angular/split-window220225/src/main.ts
[09:46:21] parsing        : C:/Angular/split-window220225/src/polyfills.ts
[09:46:21] parsing        : C:/Angular/split-window220225/src/test.ts
[09:46:21] found          : require
[09:46:21] found          : context
[09:46:21] parsing        : C:/Angular/split-window220225/src/app/app.module.ts
[09:46:21] found          : AppModule
[09:46:21]                : - imports:
[09:46:21]                : 	- BrowserModule
[09:46:21]                : - declarations:
[09:46:21]                : 	- AppComponent
[09:46:21]                : - bootstrap:
[09:46:21]                : 	- AppComponent
[09:46:21] parsing        : C:/Angular/split-window220225/src/app/app.component.ts
[09:46:21] found          : AppComponent
[09:46:21] parsing        : C:/Angular/split-window220225/src/environments/environment.ts
[09:46:21] found          : environment
[09:46:21] parsing        : C:/Angular/split-window220225/src/environments/environment.prod.ts
[09:46:21] found          : environment
[09:46:21] parsing        : C:/Angular/split-window220225/src/stories/header.component.ts
[09:46:21] found          : HeaderComponent
[09:46:21] parsing        : C:/Angular/split-window220225/src/stories/Button.stories.ts
[09:46:21] found          : Template
[09:46:21] found          : Primary
[09:46:21] found          : Secondary
[09:46:21] found          : Large
[09:46:21] found          : Small
[09:46:21] parsing        : C:/Angular/split-window220225/src/stories/button.component.ts
[09:46:21] found          : ButtonComponent
[09:46:21] parsing        : C:/Angular/split-window220225/src/stories/Header.stories.ts
[09:46:21] found          : Template
[09:46:21] found          : LoggedIn
[09:46:21] found          : LoggedOut
[09:46:21] parsing        : C:/Angular/split-window220225/src/stories/page.component.ts
[09:46:21] found          : PageComponent
[09:46:21] parsing        : C:/Angular/split-window220225/src/stories/Page.stories.ts
[09:46:21] found          : Template
[09:46:21] found          : LoggedOut
[09:46:21] found          : LoggedIn
[09:46:21] parsing        : C:/Angular/split-window220225/src/stories/User.ts
[09:46:21] found          : User
[09:46:21] -------------------
[09:46:21] Project statistics 
[09:46:21] - files      : 53
[09:46:21] - module     : 1
[09:46:21] - component  : 4
[09:46:21] - interface  : 1
[09:46:21] -------------------
[09:46:21] Prepare components
[09:46:21]  AppComponent has a templateUrl, include it
[09:46:21]  AppComponent has styleUrls, include them
[09:46:21]  ButtonComponent has styleUrls, include them
[09:46:21]  HeaderComponent has styleUrls, include them
[09:46:21]  PageComponent has styleUrls, include them
[09:46:21] Prepare modules
[09:46:21] Prepare interfaces
[09:46:21] Prepare miscellaneous
[09:46:21] Process documentation coverage report
[09:46:21] Generating documentation in export format json
[09:46:21] Documentation generated in ./ in 0.4 seconds
info @storybook/angular v6.4.19
info 
info => Cleaning outputDir: C:\\Users\\WILLIA~1\\AppData\\Local\\Temp\\chromatic--11008-YTv0eQZiejy2
info => Loading presets
info => Compiling manager..
info => Compiling preview..
info => Found custom tsconfig.json
Compiling @angular/animations : fesm2015 as esm2015
Compiling @angular/core : fesm2015 as esm2015
Compiling @angular/animations/browser : fesm2015 as esm2015
Compiling @angular/animations/browser/testing : fesm2015 as esm2015
Compiling @angular/common : fesm2015 as esm2015
Compiling @angular/common/http : fesm2015 as esm2015
Compiling @angular/common/http/testing : fesm2015 as esm2015
Compiling @angular/forms : fesm2015 as esm2015
Compiling @angular/platform-browser : fesm2015 as esm2015
Compiling @angular/platform-browser/animations : fesm2015 as esm2015
Compiling @angular/core/testing : fesm2015 as esm2015
Compiling @angular/platform-browser-dynamic : fesm2015 as esm2015
Compiling @angular/platform-browser/testing : fesm2015 as esm2015
Compiling @angular/compiler/testing : fesm2015 as esm2015
Compiling @angular/platform-browser-dynamic/testing : fesm2015 as esm2015
Compiling @angular/common/testing : fesm2015 as esm2015
Compiling @angular/router : fesm2015 as esm2015
Compiling @angular/router/testing : fesm2015 as esm2015
info => Using implicit CSS loaders
info => Loading angular-cli config for angular lower than 12.2.0
info => Using angular project "split-window220225:build" for configuring Storybook
info => Using angular-cli webpack config
info => Using default Webpack5 setup
<s> [webpack.Progress] 0% 

<s> [webpack.Progress] 1% setup initialize
<s> [webpack.Progress] 1% setup initialize HtmlWebpackPlugin
<s> [webpack.Progress] 1% setup initialize
<s> [webpack.Progress] 2% setup before run
<s> [webpack.Progress] 2% setup before run NodeEnvironmentPlugin
<s> [webpack.Progress] 2% setup before run
<s> [webpack.Progress] 3% setup run
<s> [webpack.Progress] 3% setup run fork-ts-checker-webpack-plugin
<s> [webpack.Progress] 3% setup run
<s> [webpack.Progress] 4% setup normal module factory
<s> [webpack.Progress] 4% setup normal module factory CaseSensitivePathsPlugin
<s> [webpack.Progress] 4% setup normal module factory
<s> [webpack.Progress] 5% setup context module factory
<s> [webpack.Progress] 5% setup context module factory ContextReplacementPlugin
<s> [webpack.Progress] 5% setup context module factory ContextReplacementPlugin
<s> [webpack.Progress] 5% setup context module factory
<s> [webpack.Progress] 6% setup before compile
<s> [webpack.Progress] 6% setup before compile ProgressPlugin
<s> [webpack.Progress] 6% setup before compile
<s> [webpack.Progress] 7% setup compile
<s> [webpack.Progress] 7% setup compile fork-ts-checker-webpack-plugin
Starting type checking service...
<s> [webpack.Progress] 7% setup compile ExternalsPlugin
<s> [webpack.Progress] 7% setup compile
<s> [webpack.Progress] 8% setup compilation
<s> [webpack.Progress] 8% setup compilation CopyPlugin
<s> [webpack.Progress] 8% setup compilation ArrayPushCallbackChunkFormatPlugin
<s> [webpack.Progress] 8% setup compilation JsonpChunkLoadingPlugin
<s> [webpack.Progress] 8% setup compilation StartupChunkDependenciesPlugin
<s> [webpack.Progress] 8% setup compilation ImportScriptsChunkLoadingPlugin
<s> [webpack.Progress] 8% setup compilation FetchCompileWasmPlugin
<s> [webpack.Progress] 8% setup compilation FetchCompileAsyncWasmPlugin
<s> [webpack.Progress] 8% setup compilation WorkerPlugin
<s> [webpack.Progress] 8% setup compilation SplitChunksPlugin
<s> [webpack.Progress] 8% setup compilation RuntimeChunkPlugin
<s> [webpack.Progress] 8% setup compilation ResolverCachePlugin
<s> [webpack.Progress] 8% setup compilation HtmlWebpackPlugin
<s> [webpack.Progress] 8% setup compilation
<s> [webpack.Progress] 9% setup compilation
<s> [webpack.Progress] 9% setup compilation AnyComponentStyleBudgetChecker
<s> [webpack.Progress] 9% setup compilation DedupeModuleResolvePlugin
<s> [webpack.Progress] 9% setup compilation DefinePlugin
<s> [webpack.Progress] 9% setup compilation ProvidePlugin
<s> [webpack.Progress] 9% setup compilation ProgressPlugin
<s> [webpack.Progress] 9% setup compilation ChunkPrefetchPreloadPlugin
<s> [webpack.Progress] 9% setup compilation SourceMapDevToolPlugin
<s> [webpack.Progress] 9% setup compilation JavascriptModulesPlugin
<s> [webpack.Progress] 9% setup compilation JsonModulesPlugin
<s> [webpack.Progress] 9% setup compilation AssetModulesPlugin
<s> [webpack.Progress] 9% setup compilation EntryPlugin
<s> [webpack.Progress] 9% setup compilation EntryPlugin
<s> [webpack.Progress] 9% setup compilation EntryPlugin
<s> [webpack.Progress] 9% setup compilation EntryPlugin
<s> [webpack.Progress] 9% setup compilation EntryPlugin
<s> [webpack.Progress] 9% setup compilation EntryPlugin
<s> [webpack.Progress] 9% setup compilation EntryPlugin
<s> [webpack.Progress] 9% setup compilation EntryPlugin
<s> [webpack.Progress] 9% setup compilation EntryPlugin
<s> [webpack.Progress] 9% setup compilation EntryPlugin
<s> [webpack.Progress] 9% setup compilation EntryPlugin
<s> [webpack.Progress] 9% setup compilation EntryPlugin
<s> [webpack.Progress] 9% setup compilation EntryPlugin
<s> [webpack.Progress] 9% setup compilation EntryPlugin
<s> [webpack.Progress] 9% setup compilation EntryPlugin
<s> [webpack.Progress] 9% setup compilation EntryPlugin
<s> [webpack.Progress] 9% setup compilation EntryPlugin
<s> [webpack.Progress] 9% setup compilation RuntimePlugin
<s> [webpack.Progress] 9% setup compilation InferAsyncModulesPlugin
<s> [webpack.Progress] 9% setup compilation DataUriPlugin
<s> [webpack.Progress] 9% setup compilation FileUriPlugin
<s> [webpack.Progress] 9% setup compilation CompatibilityPlugin
<s> [webpack.Progress] 9% setup compilation HarmonyModulesPlugin
<s> [webpack.Progress] 9% setup compilation AMDPlugin
<s> [webpack.Progress] 9% setup compilation RequireJsStuffPlugin
<s> [webpack.Progress] 9% setup compilation CommonJsPlugin
<s> [webpack.Progress] 9% setup compilation LoaderPlugin
<s> [webpack.Progress] 9% setup compilation LoaderPlugin
<s> [webpack.Progress] 9% setup compilation NodeStuffPlugin
<s> [webpack.Progress] 9% setup compilation APIPlugin
<s> [webpack.Progress] 9% setup compilation ExportsInfoApiPlugin
<s> [webpack.Progress] 9% setup compilation WebpackIsIncludedPlugin
<s> [webpack.Progress] 9% setup compilation ConstPlugin
<s> [webpack.Progress] 9% setup compilation UseStrictPlugin
<s> [webpack.Progress] 9% setup compilation RequireIncludePlugin
<s> [webpack.Progress] 9% setup compilation RequireEnsurePlugin
<s> [webpack.Progress] 9% setup compilation RequireContextPlugin
<s> [webpack.Progress] 9% setup compilation ImportPlugin
<s> [webpack.Progress] 9% setup compilation SystemPlugin
<s> [webpack.Progress] 9% setup compilation ImportMetaPlugin
<s> [webpack.Progress] 9% setup compilation URLPlugin
<s> [webpack.Progress] 9% setup compilation DefaultStatsFactoryPlugin
<s> [webpack.Progress] 9% setup compilation DefaultStatsPresetPlugin
<s> [webpack.Progress] 9% setup compilation DefaultStatsPrinterPlugin
<s> [webpack.Progress] 9% setup compilation JavascriptMetaInfoPlugin
<s> [webpack.Progress] 9% setup compilation EnsureChunkConditionsPlugin
<s> [webpack.Progress] 9% setup compilation RemoveEmptyChunksPlugin
<s> [webpack.Progress] 9% setup compilation MergeDuplicateChunksPlugin
<s> [webpack.Progress] 9% setup compilation FlagIncludedChunksPlugin
<s> [webpack.Progress] 9% setup compilation SideEffectsFlagPlugin
<s> [webpack.Progress] 9% setup compilation FlagDependencyExportsPlugin
<s> [webpack.Progress] 9% setup compilation FlagDependencyUsagePlugin
<s> [webpack.Progress] 9% setup compilation InnerGraphPlugin
<s> [webpack.Progress] 9% setup compilation MangleExportsPlugin
<s> [webpack.Progress] 9% setup compilation ModuleConcatenationPlugin
<s> [webpack.Progress] 9% setup compilation NoEmitOnErrorsPlugin
<s> [webpack.Progress] 9% setup compilation RealContentHashPlugin
<s> [webpack.Progress] 9% setup compilation WasmFinalizeExportsPlugin
<s> [webpack.Progress] 9% setup compilation NamedModuleIdsPlugin
<s> [webpack.Progress] 9% setup compilation DeterministicChunkIdsPlugin
<s> [webpack.Progress] 9% setup compilation DefinePlugin
<s> [webpack.Progress] 9% setup compilation TerserPlugin
<s> [webpack.Progress] 9% setup compilation TemplatedPathPlugin
<s> [webpack.Progress] 9% setup compilation RecordIdsPlugin
<s> [webpack.Progress] 9% setup compilation WarnCaseSensitiveModulesPlugin
<s> [webpack.Progress] 9% setup compilation IgnoreWarningsPlugin
<s> [webpack.Progress] 9% setup compilation
<s> [webpack.Progress] 10% building
<s> [webpack.Progress] 10% building 0/1 entries 0/0 dependencies 0/0 modules
<s> [webpack.Progress] 10% building import loader ./node_modules/babel-loader/lib/index.js
<s> [webpack.Progress] 10% building 0/17 entries 3/17 dependencies 0/3 modules
<s> [webpack.Progress] 10% building import loader ./node_modules/style-loader/dist/cjs.js
<s> [webpack.Progress] 10% building import loader ./node_modules/css-loader/dist/cjs.js
<s> [webpack.Progress] 10% building import loader ./node_modules/postcss-loader/dist/cjs.js
<s> [webpack.Progress] 10% building 0/17 entries 4/17 dependencies 0/4 modules
<s> [webpack.Progress] 10% building 0/17 entries 19/61 dependencies 0/18 modules
<s> [webpack.Progress] 10% building 0/17 entries 163/197 dependencies 11/94 modules
<s> [webpack.Progress] 10% building import loader ./node_modules/@mdx-js/loader/index.js
<s> [webpack.Progress] 10% building 0/17 entries 443/496 dependencies 12/221 modules
<s> [webpack.Progress] 10% building 0/17 entries 700/926 dependencies 17/277 modules
<s> [webpack.Progress] 13% building 1/17 entries 707/926 dependencies 26/277 modules
<s> [webpack.Progress] 16% building 2/17 entries 707/926 dependencies 26/277 modules
<s> [webpack.Progress] 16% building import loader ./node_modules/ts-loader/index.js
<s> [webpack.Progress] 16% building import loader ./node_modules/@storybook/angular/dist/ts3.9/server/ngx-template-loader/index.js
<s> [webpack.Progress] 16% building import loader ./node_modules/@storybook/source-loader/dist/cjs/index.js
<s> [webpack.Progress] 16% building 2/17 entries 850/926 dependencies 43/289 modules
[BABEL] Note: The code generator has deoptimised the styling of C:\Angular\split-window220225\node_modules\prettier\standalone.js as it exceeds the max of 500KB.
<s> [webpack.Progress] 16% building 2/17 entries 1068/1100 dependencies 66/344 modules
<s> [webpack.Progress] 16% building 2/17 entries 1596/1700 dependencies 211/470 modules
<s> [webpack.Progress] 16% building 2/17 entries 2200/2509 dependencies 286/578 modules
<s> [webpack.Progress] 16% building 2/17 entries 2871/3100 dependencies 380/797 modules
<s> [webpack.Progress] 16% building 2/17 entries 3571/3600 dependencies 597/877 modules
<s> [webpack.Progress] 17% building 2/17 entries 3800/3871 dependencies 647/935 modules
<s> [webpack.Progress] 18% building 2/17 entries 4126/4200 dependencies 736/1065 modules
<s> [webpack.Progress] 20% building 2/17 entries 4900/4987 dependencies 973/1254 modules
<s> [webpack.Progress] 22% building 3/17 entries 5214/5260 dependencies 1176/1357 modules
<s> [webpack.Progress] 22% building 4/17 entries 5214/5260 dependencies 1177/1357 modules
<s> [webpack.Progress] 26% building 5/17 entries 5214/5260 dependencies 1178/1357 modules
<s> [webpack.Progress] 29% building 6/17 entries 5214/5260 dependencies 1179/1357 modules
<s> [webpack.Progress] 32% building 7/17 entries 5214/5260 dependencies 1180/1357 modules
<s> [webpack.Progress] 35% building 8/17 entries 5214/5260 dependencies 1181/1357 modules
<s> [webpack.Progress] 39% building 9/17 entries 5214/5260 dependencies 1182/1357 modules
<s> [webpack.Progress] 42% building 10/17 entries 5214/5260 dependencies 1183/1357 modules
<s> [webpack.Progress] 45% building 11/17 entries 5214/5260 dependencies 1184/1357 modules
<s> [webpack.Progress] 48% building 12/17 entries 5214/5260 dependencies 1185/1357 modules
<s> [webpack.Progress] 52% building 13/17 entries 5214/5260 dependencies 1186/1357 modules
<s> [webpack.Progress] 52% building 13/17 entries 5867/5900 dependencies 1536/1633 modules
<s> [webpack.Progress] 55% building 14/17 entries 6128/6139 dependencies 1641/1675 modules
<s> [webpack.Progress] 58% building 15/17 entries 6148/6148 dependencies 1667/1681 modules
<s> [webpack.Progress] 61% building 16/17 entries 6160/6160 dependencies 1687/1688 modules
<s> [webpack.Progress] 65% building 17/17 entries 6160/6160 dependencies 1688/1688 modules
<s> [webpack.Progress] 65% building
<s> [webpack.Progress] 69% building finish
<s> [webpack.Progress] 69% building finish
<s> [webpack.Progress] 70% sealing finish module graph
<s> [webpack.Progress] 70% sealing finish module graph ResolverCachePlugin
<s> [webpack.Progress] 70% sealing finish module graph InferAsyncModulesPlugin
<s> [webpack.Progress] 70% sealing finish module graph FlagDependencyExportsPlugin
<s> [webpack.Progress] 70% sealing finish module graph InnerGraphPlugin
<s> [webpack.Progress] 70% sealing finish module graph WasmFinalizeExportsPlugin
<s> [webpack.Progress] 70% sealing finish module graph
<s> [webpack.Progress] 70% sealing plugins
<s> [webpack.Progress] 70% sealing plugins WarnCaseSensitiveModulesPlugin
<s> [webpack.Progress] 70% sealing plugins
<s> [webpack.Progress] 71% sealing dependencies optimization
<s> [webpack.Progress] 71% sealing dependencies optimization SideEffectsFlagPlugin
<s> [webpack.Progress] 71% sealing dependencies optimization FlagDependencyUsagePlugin
<s> [webpack.Progress] 71% sealing dependencies optimization
<s> [webpack.Progress] 71% sealing after dependencies optimization
<s> [webpack.Progress] 71% sealing after dependencies optimization
<s> [webpack.Progress] 72% sealing chunk graph
<s> [webpack.Progress] 72% sealing chunk graph
<s> [webpack.Progress] 73% sealing after chunk graph
<s> [webpack.Progress] 73% sealing after chunk graph
<s> [webpack.Progress] 73% sealing optimizing
<s> [webpack.Progress] 73% sealing optimizing
<s> [webpack.Progress] 74% sealing module optimization
<s> [webpack.Progress] 74% sealing module optimization
<s> [webpack.Progress] 75% sealing after module optimization
<s> [webpack.Progress] 75% sealing after module optimization
<s> [webpack.Progress] 75% sealing chunk optimization
<s> [webpack.Progress] 75% sealing chunk optimization EnsureChunkConditionsPlugin
<s> [webpack.Progress] 75% sealing chunk optimization RemoveEmptyChunksPlugin
<s> [webpack.Progress] 75% sealing chunk optimization MergeDuplicateChunksPlugin
<s> [webpack.Progress] 75% sealing chunk optimization SplitChunksPlugin
<s> [webpack.Progress] 75% sealing chunk optimization RemoveEmptyChunksPlugin
<s> [webpack.Progress] 75% sealing chunk optimization
<s> [webpack.Progress] 76% sealing after chunk optimization
<s> [webpack.Progress] 76% sealing after chunk optimization
<s> [webpack.Progress] 77% sealing module and chunk tree optimization
<s> [webpack.Progress] 77% sealing module and chunk tree optimization PersistentChildCompilerSingletonPlugin
<s> [webpack.Progress] 77% sealing module and chunk tree optimization
<s> [webpack.Progress] 77% sealing after module and chunk tree optimization
<s> [webpack.Progress] 77% sealing after module and chunk tree optimization
<s> [webpack.Progress] 78% sealing chunk modules optimization
<s> [webpack.Progress] 78% sealing chunk modules optimization ModuleConcatenationPlugin
<s> [webpack.Progress] 78% sealing chunk modules optimization
<s> [webpack.Progress] 78% sealing after chunk modules optimization
<s> [webpack.Progress] 78% sealing after chunk modules optimization
<s> [webpack.Progress] 79% sealing module reviving
<s> [webpack.Progress] 79% sealing module reviving RecordIdsPlugin
<s> [webpack.Progress] 79% sealing module reviving
<s> [webpack.Progress] 80% sealing before module ids
<s> [webpack.Progress] 80% sealing before module ids
<s> [webpack.Progress] 80% sealing module ids
<s> [webpack.Progress] 80% sealing module ids NamedModuleIdsPlugin
<s> [webpack.Progress] 80% sealing module ids
<s> [webpack.Progress] 81% sealing module id optimization
<s> [webpack.Progress] 81% sealing module id optimization
<s> [webpack.Progress] 82% sealing module id optimization
<s> [webpack.Progress] 82% sealing module id optimization
<s> [webpack.Progress] 82% sealing chunk reviving
<s> [webpack.Progress] 82% sealing chunk reviving RecordIdsPlugin
<s> [webpack.Progress] 82% sealing chunk reviving
<s> [webpack.Progress] 83% sealing before chunk ids
<s> [webpack.Progress] 83% sealing before chunk ids
<s> [webpack.Progress] 84% sealing chunk ids
<s> [webpack.Progress] 84% sealing chunk ids DeterministicChunkIdsPlugin
<s> [webpack.Progress] 84% sealing chunk ids
<s> [webpack.Progress] 84% sealing chunk id optimization
<s> [webpack.Progress] 84% sealing chunk id optimization FlagIncludedChunksPlugin
<s> [webpack.Progress] 84% sealing chunk id optimization
<s> [webpack.Progress] 85% sealing after chunk id optimization
<s> [webpack.Progress] 85% sealing after chunk id optimization
<s> [webpack.Progress] 86% sealing record modules
<s> [webpack.Progress] 86% sealing record modules RecordIdsPlugin
<s> [webpack.Progress] 86% sealing record modules
<s> [webpack.Progress] 86% sealing record chunks
<s> [webpack.Progress] 86% sealing record chunks RecordIdsPlugin
<s> [webpack.Progress] 86% sealing record chunks
<s> [webpack.Progress] 87% sealing module hashing
<s> [webpack.Progress] 87% sealing module hashing
<s> [webpack.Progress] 87% sealing code generation
<s> [webpack.Progress] 87% sealing code generation
<s> [webpack.Progress] 88% sealing runtime requirements
<s> [webpack.Progress] 88% sealing runtime requirements
<s> [webpack.Progress] 89% sealing hashing
<s> [webpack.Progress] 89% sealing hashing
<s> [webpack.Progress] 89% sealing after hashing
<s> [webpack.Progress] 89% sealing after hashing
<s> [webpack.Progress] 90% sealing record hash
<s> [webpack.Progress] 90% sealing record hash
<s> [webpack.Progress] 91% sealing module assets processing
<s> [webpack.Progress] 91% sealing module assets processing
<s> [webpack.Progress] 91% sealing chunk assets processing
<s> [webpack.Progress] 91% sealing chunk assets processing
<s> [webpack.Progress] 92% sealing asset processing
<s> [webpack.Progress] 92% sealing asset processing copy-webpack-plugin
<s> [webpack.Progress] 92% sealing asset processing PersistentChildCompilerSingletonPlugin
<s> [webpack.Progress] 92% sealing asset processing TerserPlugin
info => Manager built (38 s)
<s> [webpack.Progress] 92% sealing asset processing SourceMapDevToolPlugin
<s> [webpack.Progress] 92% sealing asset processing SourceMapDevToolPlugin
<s> [webpack.Progress] 92% sealing asset processing SourceMapDevToolPlugin main.85f4401b.iframe.bundle.js generate SourceMap
<s> [webpack.Progress] 92% sealing asset processing SourceMapDevToolPlugin main.85f4401b.iframe.bundle.js generated SourceMap
<s> [webpack.Progress] 92% sealing asset processing SourceMapDevToolPlugin runtime~main.1aae66a6.iframe.bundle.js generate SourceMap
<s> [webpack.Progress] 92% sealing asset processing SourceMapDevToolPlugin runtime~main.1aae66a6.iframe.bundle.js generated SourceMap
<s> [webpack.Progress] 92% sealing asset processing SourceMapDevToolPlugin 701.d7d869d7.iframe.bundle.js generate SourceMap
<s> [webpack.Progress] 92% sealing asset processing SourceMapDevToolPlugin 701.d7d869d7.iframe.bundle.js generated SourceMap
<s> [webpack.Progress] 92% sealing asset processing SourceMapDevToolPlugin 39.174611b3.iframe.bundle.js generate SourceMap
<s> [webpack.Progress] 92% sealing asset processing SourceMapDevToolPlugin 39.174611b3.iframe.bundle.js generated SourceMap
<s> [webpack.Progress] 92% sealing asset processing SourceMapDevToolPlugin 236.9c064fd0.iframe.bundle.js generate SourceMap
<s> [webpack.Progress] 92% sealing asset processing SourceMapDevToolPlugin 236.9c064fd0.iframe.bundle.js generated SourceMap
<s> [webpack.Progress] 92% sealing asset processing SourceMapDevToolPlugin 308.e5707551.iframe.bundle.js generate SourceMap
<s> [webpack.Progress] 92% sealing asset processing SourceMapDevToolPlugin 308.e5707551.iframe.bundle.js generated SourceMap
<s> [webpack.Progress] 92% sealing asset processing SourceMapDevToolPlugin 574.fc6e5b3a.iframe.bundle.js generate SourceMap
<s> [webpack.Progress] 92% sealing asset processing SourceMapDevToolPlugin 574.fc6e5b3a.iframe.bundle.js generated SourceMap
<s> [webpack.Progress] 92% sealing asset processing SourceMapDevToolPlugin 881.c89be1e6.iframe.bundle.js generate SourceMap
<s> [webpack.Progress] 92% sealing asset processing SourceMapDevToolPlugin 881.c89be1e6.iframe.bundle.js generated SourceMap
<s> [webpack.Progress] 92% sealing asset processing SourceMapDevToolPlugin 459.e56a0840.iframe.bundle.js generate SourceMap
<s> [webpack.Progress] 92% sealing asset processing SourceMapDevToolPlugin 459.e56a0840.iframe.bundle.js generated SourceMap
<s> [webpack.Progress] 92% sealing asset processing SourceMapDevToolPlugin 331.99cb903f.iframe.bundle.js generate SourceMap
<s> [webpack.Progress] 92% sealing asset processing SourceMapDevToolPlugin 331.99cb903f.iframe.bundle.js generated SourceMap
<s> [webpack.Progress] 92% sealing asset processing SourceMapDevToolPlugin 935.dffbcc98.iframe.bundle.js generate SourceMap
<s> [webpack.Progress] 92% sealing asset processing SourceMapDevToolPlugin 935.dffbcc98.iframe.bundle.js generated SourceMap
<s> [webpack.Progress] 92% sealing asset processing SourceMapDevToolPlugin 784.5bb844f3.iframe.bundle.js generate SourceMap
<s> [webpack.Progress] 92% sealing asset processing SourceMapDevToolPlugin 784.5bb844f3.iframe.bundle.js generated SourceMap
<s> [webpack.Progress] 92% sealing asset processing SourceMapDevToolPlugin resolve sources
<s> [webpack.Progress] 92% sealing asset processing SourceMapDevToolPlugin
<s> [webpack.Progress] 92% sealing asset processing HtmlWebpackPlugin
<s> [webpack.Progress] 92% sealing asset processing HtmlWebpackPlugin
<s> [webpack.Progress] 92% sealing asset processing HtmlWebpackPlugin resolve sources
<s> [webpack.Progress] 92% sealing asset processing HtmlWebpackPlugin
<s> [webpack.Progress] 92% sealing asset processing RealContentHashPlugin
<s> [webpack.Progress] 92% sealing asset processing RealContentHashPlugin
<s> [webpack.Progress] 92% sealing asset processing RealContentHashPlugin main.7b750d91.iframe.bundle.js generate SourceMap
<s> [webpack.Progress] 92% sealing asset processing RealContentHashPlugin main.7b750d91.iframe.bundle.js generated SourceMap
<s> [webpack.Progress] 92% sealing asset processing RealContentHashPlugin runtime~main.7fabbdb2.iframe.bundle.js generate SourceMap
<s> [webpack.Progress] 92% sealing asset processing RealContentHashPlugin runtime~main.7fabbdb2.iframe.bundle.js generated SourceMap
<s> [webpack.Progress] 92% sealing asset processing RealContentHashPlugin 701.f02ff712.iframe.bundle.js generate SourceMap
<s> [webpack.Progress] 92% sealing asset processing RealContentHashPlugin 701.f02ff712.iframe.bundle.js generated SourceMap
<s> [webpack.Progress] 92% sealing asset processing RealContentHashPlugin 574.356712c0.iframe.bundle.js generate SourceMap
<s> [webpack.Progress] 92% sealing asset processing RealContentHashPlugin 574.356712c0.iframe.bundle.js generated SourceMap
<s> [webpack.Progress] 92% sealing asset processing RealContentHashPlugin 881.9d208e2f.iframe.bundle.js generate SourceMap
<s> [webpack.Progress] 92% sealing asset processing RealContentHashPlugin 881.9d208e2f.iframe.bundle.js generated SourceMap
<s> [webpack.Progress] 92% sealing asset processing RealContentHashPlugin 459.c18f2256.iframe.bundle.js generate SourceMap
<s> [webpack.Progress] 92% sealing asset processing RealContentHashPlugin 459.c18f2256.iframe.bundle.js generated SourceMap
<s> [webpack.Progress] 92% sealing asset processing RealContentHashPlugin 39.5e67c080.iframe.bundle.js generate SourceMap
<s> [webpack.Progress] 92% sealing asset processing RealContentHashPlugin 39.5e67c080.iframe.bundle.js generated SourceMap
<s> [webpack.Progress] 92% sealing asset processing RealContentHashPlugin 236.e33a8f55.iframe.bundle.js generate SourceMap
<s> [webpack.Progress] 92% sealing asset processing RealContentHashPlugin 236.e33a8f55.iframe.bundle.js generated SourceMap
<s> [webpack.Progress] 92% sealing asset processing RealContentHashPlugin 308.45640eb3.iframe.bundle.js generate SourceMap
<s> [webpack.Progress] 92% sealing asset processing RealContentHashPlugin 308.45640eb3.iframe.bundle.js generated SourceMap
<s> [webpack.Progress] 92% sealing asset processing RealContentHashPlugin 331.a382e60d.iframe.bundle.js generate SourceMap
<s> [webpack.Progress] 92% sealing asset processing RealContentHashPlugin 331.a382e60d.iframe.bundle.js generated SourceMap
<s> [webpack.Progress] 92% sealing asset processing RealContentHashPlugin 935.d2b3f4d1.iframe.bundle.js generate SourceMap
<s> [webpack.Progress] 92% sealing asset processing RealContentHashPlugin 935.d2b3f4d1.iframe.bundle.js generated SourceMap
<s> [webpack.Progress] 92% sealing asset processing RealContentHashPlugin 784.e3a8870a.iframe.bundle.js generate SourceMap
<s> [webpack.Progress] 92% sealing asset processing RealContentHashPlugin 784.e3a8870a.iframe.bundle.js generated SourceMap
<s> [webpack.Progress] 92% sealing asset processing RealContentHashPlugin resolve sources
<s> [webpack.Progress] 92% sealing asset processing RealContentHashPlugin
<s> [webpack.Progress] 92% sealing asset processing AnyComponentStyleBudgetChecker
<s> [webpack.Progress] 92% sealing asset processing
<s> [webpack.Progress] 93% sealing after asset optimization
<s> [webpack.Progress] 93% sealing after asset optimization
<s> [webpack.Progress] 93% sealing recording
<s> [webpack.Progress] 93% sealing recording
<s> [webpack.Progress] 94% sealing after seal
<s> [webpack.Progress] 94% sealing after seal
<s> [webpack.Progress] 95% emitting emit
<s> [webpack.Progress] 95% emitting emit fork-ts-checker-webpack-plugin
<s> [webpack.Progress] 95% emitting emit
<s> [webpack.Progress] 98% emitting after emit
<s> [webpack.Progress] 98% emitting after emit SizeLimitsPlugin
<s> [webpack.Progress] 98% emitting after emit
<s> [webpack.Progress] 99% done plugins
<s> [webpack.Progress] 99% done plugins CaseSensitivePathsPlugin
<s> [webpack.Progress] 99% done plugins fork-ts-checker-webpack-plugin
<s> [webpack.Progress] 99% done plugins fork-ts-checker-webpack-plugin
<s> [webpack.Progress] 99% done plugins
<s> [webpack.Progress] 99% 

<s> [webpack.Progress] 99% cache store build dependencies
<s> [webpack.Progress] 99% cache store build dependencies
<s> [webpack.Progress] 99% cache begin idle
<s> [webpack.Progress] 99% cache begin idle
<s> [webpack.Progress] 100% 

info => Preview built (43 s)
WARN System.import() is deprecated and will be removed soon. Use import() instead.
WARN For more info visit https://webpack.js.org/guides/code-splitting/
WARN System.import() is deprecated and will be removed soon. Use import() instead.
WARN For more info visit https://webpack.js.org/guides/code-splitting/
WARN asset size limit: The following asset(s) exceed the recommended size limit (244 KiB).
WARN This can impact web performance.
WARN Assets: 
WARN   236.e33a8f55.iframe.bundle.js (595 KiB)
WARN   784.e3a8870a.iframe.bundle.js (3.76 MiB)
WARN entrypoint size limit: The following entrypoint(s) combined asset size exceeds the recommended limit (244 KiB). This can impact web performance.
WARN Entrypoints:
WARN   main (3.86 MiB)
WARN       runtime~main.7fabbdb2.iframe.bundle.js
WARN       784.e3a8870a.iframe.bundle.js
WARN       main.7b750d91.iframe.bundle.js
WARN 
<s> [webpack.Progress] 99% cache shutdown
<s> [webpack.Progress] 99% cache shutdown
<s> [webpack.Progress] 100% 

info => Output directory: C:\\Users\\WILLIA~1\\AppData\\Local\\Temp\\chromatic--11008-YTv0eQZiejy2
